<?xml version="1.0" encoding="UTF-8"?>
<testsuite name="com.ssafy.i5i.hotelAPI.HotelApiApplicationTests" tests="1" skipped="0" failures="0" errors="0" timestamp="2023-11-06T04:42:10" hostname="DESKTOP-BLHP263" time="0.12">
  <properties/>
  <testcase name="contextLoads()" classname="com.ssafy.i5i.hotelAPI.HotelApiApplicationTests" time="0.12"/>
  <system-out><![CDATA[13:42:03.003 [Test worker] DEBUG org.springframework.test.context.BootstrapUtils - Instantiating CacheAwareContextLoaderDelegate from class [org.springframework.test.context.cache.DefaultCacheAwareContextLoaderDelegate]
13:42:03.015 [Test worker] DEBUG org.springframework.test.context.BootstrapUtils - Instantiating BootstrapContext using constructor [public org.springframework.test.context.support.DefaultBootstrapContext(java.lang.Class,org.springframework.test.context.CacheAwareContextLoaderDelegate)]
13:42:03.047 [Test worker] DEBUG org.springframework.test.context.BootstrapUtils - Instantiating TestContextBootstrapper for test class [com.ssafy.i5i.hotelAPI.HotelApiApplicationTests] from class [org.springframework.boot.test.context.SpringBootTestContextBootstrapper]
13:42:03.058 [Test worker] INFO org.springframework.boot.test.context.SpringBootTestContextBootstrapper - Neither @ContextConfiguration nor @ContextHierarchy found for test class [com.ssafy.i5i.hotelAPI.HotelApiApplicationTests], using SpringBootContextLoader
13:42:03.063 [Test worker] DEBUG org.springframework.test.context.support.AbstractContextLoader - Did not detect default resource location for test class [com.ssafy.i5i.hotelAPI.HotelApiApplicationTests]: class path resource [com/ssafy/i5i/hotelAPI/HotelApiApplicationTests-context.xml] does not exist
13:42:03.064 [Test worker] DEBUG org.springframework.test.context.support.AbstractContextLoader - Did not detect default resource location for test class [com.ssafy.i5i.hotelAPI.HotelApiApplicationTests]: class path resource [com/ssafy/i5i/hotelAPI/HotelApiApplicationTestsContext.groovy] does not exist
13:42:03.064 [Test worker] INFO org.springframework.test.context.support.AbstractContextLoader - Could not detect default resource locations for test class [com.ssafy.i5i.hotelAPI.HotelApiApplicationTests]: no resource found for suffixes {-context.xml, Context.groovy}.
13:42:03.064 [Test worker] INFO org.springframework.test.context.support.AnnotationConfigContextLoaderUtils - Could not detect default configuration classes for test class [com.ssafy.i5i.hotelAPI.HotelApiApplicationTests]: HotelApiApplicationTests does not declare any static, non-private, non-final, nested classes annotated with @Configuration.
13:42:03.105 [Test worker] DEBUG org.springframework.test.context.support.ActiveProfilesUtils - Could not find an 'annotation declaring class' for annotation type [org.springframework.test.context.ActiveProfiles] and class [com.ssafy.i5i.hotelAPI.HotelApiApplicationTests]
13:42:03.162 [Test worker] DEBUG org.springframework.context.annotation.ClassPathScanningCandidateComponentProvider - Identified candidate component class: file [C:\Users\SSAFY\Documents\S09P31B205\backend\build\classes\java\main\com\ssafy\i5i\hotelAPI\HotelApiApplication.class]
13:42:03.163 [Test worker] INFO org.springframework.boot.test.context.SpringBootTestContextBootstrapper - Found @SpringBootConfiguration com.ssafy.i5i.hotelAPI.HotelApiApplication for test class com.ssafy.i5i.hotelAPI.HotelApiApplicationTests
13:42:03.263 [Test worker] DEBUG org.springframework.boot.test.context.SpringBootTestContextBootstrapper - @TestExecutionListeners is not present for class [com.ssafy.i5i.hotelAPI.HotelApiApplicationTests]: using defaults.
13:42:03.264 [Test worker] INFO org.springframework.boot.test.context.SpringBootTestContextBootstrapper - Loaded default TestExecutionListener class names from location [META-INF/spring.factories]: [org.springframework.boot.test.autoconfigure.restdocs.RestDocsTestExecutionListener, org.springframework.boot.test.autoconfigure.web.client.MockRestServiceServerResetTestExecutionListener, org.springframework.boot.test.autoconfigure.web.servlet.MockMvcPrintOnlyOnFailureTestExecutionListener, org.springframework.boot.test.autoconfigure.web.servlet.WebDriverTestExecutionListener, org.springframework.boot.test.autoconfigure.webservices.client.MockWebServiceServerTestExecutionListener, org.springframework.boot.test.mock.mockito.MockitoTestExecutionListener, org.springframework.boot.test.mock.mockito.ResetMocksTestExecutionListener, org.springframework.test.context.web.ServletTestExecutionListener, org.springframework.test.context.support.DirtiesContextBeforeModesTestExecutionListener, org.springframework.test.context.event.ApplicationEventsTestExecutionListener, org.springframework.test.context.support.DependencyInjectionTestExecutionListener, org.springframework.test.context.support.DirtiesContextTestExecutionListener, org.springframework.test.context.transaction.TransactionalTestExecutionListener, org.springframework.test.context.jdbc.SqlScriptsTestExecutionListener, org.springframework.test.context.event.EventPublishingTestExecutionListener]
13:42:03.283 [Test worker] INFO org.springframework.boot.test.context.SpringBootTestContextBootstrapper - Using TestExecutionListeners: [org.springframework.test.context.web.ServletTestExecutionListener@35e52059, org.springframework.test.context.support.DirtiesContextBeforeModesTestExecutionListener@62577d6, org.springframework.test.context.event.ApplicationEventsTestExecutionListener@49bd54f7, org.springframework.boot.test.mock.mockito.MockitoTestExecutionListener@6b5f8707, org.springframework.boot.test.autoconfigure.SpringBootDependencyInjectionTestExecutionListener@772485dd, org.springframework.test.context.support.DirtiesContextTestExecutionListener@5a12c728, org.springframework.test.context.transaction.TransactionalTestExecutionListener@79ab3a71, org.springframework.test.context.jdbc.SqlScriptsTestExecutionListener@6e5bfdfc, org.springframework.test.context.event.EventPublishingTestExecutionListener@3d829787, org.springframework.boot.test.autoconfigure.restdocs.RestDocsTestExecutionListener@71652c98, org.springframework.boot.test.autoconfigure.web.client.MockRestServiceServerResetTestExecutionListener@51bde877, org.springframework.boot.test.autoconfigure.web.servlet.MockMvcPrintOnlyOnFailureTestExecutionListener@60b85ba1, org.springframework.boot.test.autoconfigure.web.servlet.WebDriverTestExecutionListener@492fc69e, org.springframework.boot.test.autoconfigure.webservices.client.MockWebServiceServerTestExecutionListener@117632cf, org.springframework.boot.test.mock.mockito.ResetMocksTestExecutionListener@2fb68ec6]
13:42:03.287 [Test worker] DEBUG org.springframework.test.context.support.AbstractDirtiesContextTestExecutionListener - Before test class: context [DefaultTestContext@3fcdcf testClass = HotelApiApplicationTests, testInstance = [null], testMethod = [null], testException = [null], mergedContextConfiguration = [WebMergedContextConfiguration@7668d560 testClass = HotelApiApplicationTests, locations = '{}', classes = '{class com.ssafy.i5i.hotelAPI.HotelApiApplication}', contextInitializerClasses = '[]', activeProfiles = '{}', propertySourceLocations = '{}', propertySourceProperties = '{org.springframework.boot.test.context.SpringBootTestContextBootstrapper=true}', contextCustomizers = set[org.springframework.boot.test.autoconfigure.actuate.metrics.MetricsExportContextCustomizerFactory$DisableMetricExportContextCustomizer@1d8062d2, org.springframework.boot.test.autoconfigure.properties.PropertyMappingContextCustomizer@0, org.springframework.boot.test.autoconfigure.web.servlet.WebDriverContextCustomizerFactory$Customizer@619bfe29, org.springframework.boot.test.context.filter.ExcludeFilterContextCustomizer@2bef51f2, org.springframework.boot.test.json.DuplicateJsonObjectContextCustomizerFactory$DuplicateJsonObjectContextCustomizer@4e28bdd1, org.springframework.boot.test.mock.mockito.MockitoContextCustomizer@0, org.springframework.boot.test.web.client.TestRestTemplateContextCustomizer@76f7d241, org.springframework.boot.test.context.SpringBootTestArgs@1, org.springframework.boot.test.context.SpringBootTestWebEnvironment@43599640], resourceBasePath = 'src/main/webapp', contextLoader = 'org.springframework.boot.test.context.SpringBootContextLoader', parent = [null]], attributes = map['org.springframework.test.context.web.ServletTestExecutionListener.activateListener' -> true]], class annotated with @DirtiesContext [false] with mode [null].

  .   ____          _            __ _ _
 /\\ / ___'_ __ _ _(_)_ __  __ _ \ \ \ \
( ( )\___ | '_ | '_| | '_ \/ _` | \ \ \ \
 \\/  ___)| |_)| | | | | || (_| |  ) ) ) )
  '  |____| .__|_| |_|_| |_\__, | / / / /
 =========|_|==============|___/=/_/_/_/
 :: Spring Boot ::               (v2.7.17)

2023-11-06 13:42:03.649  INFO 10036 --- [    Test worker] c.s.i.hotelAPI.HotelApiApplicationTests  : Starting HotelApiApplicationTests using Java 11 on DESKTOP-BLHP263 with PID 10036 (started by SSAFY in C:\Users\SSAFY\Documents\S09P31B205\backend)
2023-11-06 13:42:03.650  INFO 10036 --- [    Test worker] c.s.i.hotelAPI.HotelApiApplicationTests  : No active profile set, falling back to 1 default profile: "default"
2023-11-06 13:42:04.237  INFO 10036 --- [    Test worker] .s.d.r.c.RepositoryConfigurationDelegate : Multiple Spring Data modules found, entering strict repository configuration mode
2023-11-06 13:42:04.237  INFO 10036 --- [    Test worker] .s.d.r.c.RepositoryConfigurationDelegate : Bootstrapping Spring Data Redis repositories in DEFAULT mode.
2023-11-06 13:42:04.265  INFO 10036 --- [    Test worker] .s.d.r.c.RepositoryConfigurationDelegate : Finished Spring Data repository scanning in 5 ms. Found 0 Redis repository interfaces.
2023-11-06 13:42:04.417  INFO 10036 --- [    Test worker] .s.d.r.c.RepositoryConfigurationDelegate : Multiple Spring Data modules found, entering strict repository configuration mode
2023-11-06 13:42:04.418  INFO 10036 --- [    Test worker] .s.d.r.c.RepositoryConfigurationDelegate : Bootstrapping Spring Data JPA repositories in DEFAULT mode.
2023-11-06 13:42:04.595  INFO 10036 --- [    Test worker] .RepositoryConfigurationExtensionSupport : Spring Data JPA - Could not safely identify store assignment for repository candidate interface com.ssafy.i5i.hotelAPI.domain.user.repository.TokenRedisRepository; If you want this repository to be a JPA repository, consider annotating your entities with one of these annotations: javax.persistence.Entity, javax.persistence.MappedSuperclass (preferred), or consider extending one of the following types with your repository: org.springframework.data.jpa.repository.JpaRepository
2023-11-06 13:42:04.628  INFO 10036 --- [    Test worker] .s.d.r.c.RepositoryConfigurationDelegate : Finished Spring Data repository scanning in 206 ms. Found 4 JPA repository interfaces.
2023-11-06 13:42:04.652  INFO 10036 --- [    Test worker] .s.d.r.c.RepositoryConfigurationDelegate : Multiple Spring Data modules found, entering strict repository configuration mode
2023-11-06 13:42:04.653  INFO 10036 --- [    Test worker] .s.d.r.c.RepositoryConfigurationDelegate : Bootstrapping Spring Data MongoDB repositories in DEFAULT mode.
2023-11-06 13:42:04.667  INFO 10036 --- [    Test worker] .RepositoryConfigurationExtensionSupport : Spring Data MongoDB - Could not safely identify store assignment for repository candidate interface com.ssafy.i5i.hotelAPI.domain.food.repository.FoodRepository; If you want this repository to be a MongoDB repository, consider annotating your entities with one of these annotations: org.springframework.data.mongodb.core.mapping.Document (preferred), or consider extending one of the following types with your repository: org.springframework.data.mongodb.repository.MongoRepository
2023-11-06 13:42:04.667  INFO 10036 --- [    Test worker] .RepositoryConfigurationExtensionSupport : Spring Data MongoDB - Could not safely identify store assignment for repository candidate interface com.ssafy.i5i.hotelAPI.domain.hotel.repository.AccommodationRepository; If you want this repository to be a MongoDB repository, consider annotating your entities with one of these annotations: org.springframework.data.mongodb.core.mapping.Document (preferred), or consider extending one of the following types with your repository: org.springframework.data.mongodb.repository.MongoRepository
2023-11-06 13:42:04.668  INFO 10036 --- [    Test worker] .RepositoryConfigurationExtensionSupport : Spring Data MongoDB - Could not safely identify store assignment for repository candidate interface com.ssafy.i5i.hotelAPI.domain.hotel.repository.AttractionRepository; If you want this repository to be a MongoDB repository, consider annotating your entities with one of these annotations: org.springframework.data.mongodb.core.mapping.Document (preferred), or consider extending one of the following types with your repository: org.springframework.data.mongodb.repository.MongoRepository
2023-11-06 13:42:04.668  INFO 10036 --- [    Test worker] .RepositoryConfigurationExtensionSupport : Spring Data MongoDB - Could not safely identify store assignment for repository candidate interface com.ssafy.i5i.hotelAPI.domain.user.repository.TokenRedisRepository; If you want this repository to be a MongoDB repository, consider annotating your entities with one of these annotations: org.springframework.data.mongodb.core.mapping.Document (preferred), or consider extending one of the following types with your repository: org.springframework.data.mongodb.repository.MongoRepository
2023-11-06 13:42:04.669  INFO 10036 --- [    Test worker] .RepositoryConfigurationExtensionSupport : Spring Data MongoDB - Could not safely identify store assignment for repository candidate interface com.ssafy.i5i.hotelAPI.domain.user.repository.UserRepository; If you want this repository to be a MongoDB repository, consider annotating your entities with one of these annotations: org.springframework.data.mongodb.core.mapping.Document (preferred), or consider extending one of the following types with your repository: org.springframework.data.mongodb.repository.MongoRepository
2023-11-06 13:42:04.669  INFO 10036 --- [    Test worker] .s.d.r.c.RepositoryConfigurationDelegate : Finished Spring Data repository scanning in 15 ms. Found 0 MongoDB repository interfaces.
2023-11-06 13:42:04.675  INFO 10036 --- [    Test worker] .s.d.r.c.RepositoryConfigurationDelegate : Multiple Spring Data modules found, entering strict repository configuration mode
2023-11-06 13:42:04.675  INFO 10036 --- [    Test worker] .s.d.r.c.RepositoryConfigurationDelegate : Bootstrapping Spring Data Redis repositories in DEFAULT mode.
2023-11-06 13:42:04.689  INFO 10036 --- [    Test worker] .RepositoryConfigurationExtensionSupport : Spring Data Redis - Could not safely identify store assignment for repository candidate interface com.ssafy.i5i.hotelAPI.domain.food.repository.FoodRepository; If you want this repository to be a Redis repository, consider annotating your entities with one of these annotations: org.springframework.data.redis.core.RedisHash (preferred), or consider extending one of the following types with your repository: org.springframework.data.keyvalue.repository.KeyValueRepository
2023-11-06 13:42:04.690  INFO 10036 --- [    Test worker] .RepositoryConfigurationExtensionSupport : Spring Data Redis - Could not safely identify store assignment for repository candidate interface com.ssafy.i5i.hotelAPI.domain.hotel.repository.AccommodationRepository; If you want this repository to be a Redis repository, consider annotating your entities with one of these annotations: org.springframework.data.redis.core.RedisHash (preferred), or consider extending one of the following types with your repository: org.springframework.data.keyvalue.repository.KeyValueRepository
2023-11-06 13:42:04.691  INFO 10036 --- [    Test worker] .RepositoryConfigurationExtensionSupport : Spring Data Redis - Could not safely identify store assignment for repository candidate interface com.ssafy.i5i.hotelAPI.domain.hotel.repository.AttractionRepository; If you want this repository to be a Redis repository, consider annotating your entities with one of these annotations: org.springframework.data.redis.core.RedisHash (preferred), or consider extending one of the following types with your repository: org.springframework.data.keyvalue.repository.KeyValueRepository
2023-11-06 13:42:04.692  INFO 10036 --- [    Test worker] .RepositoryConfigurationExtensionSupport : Spring Data Redis - Could not safely identify store assignment for repository candidate interface com.ssafy.i5i.hotelAPI.domain.user.repository.UserRepository; If you want this repository to be a Redis repository, consider annotating your entities with one of these annotations: org.springframework.data.redis.core.RedisHash (preferred), or consider extending one of the following types with your repository: org.springframework.data.keyvalue.repository.KeyValueRepository
2023-11-06 13:42:04.709  INFO 10036 --- [    Test worker] .s.d.r.c.RepositoryConfigurationDelegate : Finished Spring Data repository scanning in 33 ms. Found 1 Redis repository interfaces.
2023-11-06 13:42:05.479  INFO 10036 --- [    Test worker] o.hibernate.jpa.internal.util.LogHelper  : HHH000204: Processing PersistenceUnitInfo [name: default]
2023-11-06 13:42:05.551  INFO 10036 --- [    Test worker] org.hibernate.Version                    : HHH000412: Hibernate ORM core version 5.6.15.Final
2023-11-06 13:42:05.749  INFO 10036 --- [    Test worker] o.hibernate.annotations.common.Version   : HCANN000001: Hibernate Commons Annotations {5.1.2.Final}
2023-11-06 13:42:05.873  INFO 10036 --- [    Test worker] com.zaxxer.hikari.HikariDataSource       : HikariPool-1 - Starting...
2023-11-06 13:42:06.264  INFO 10036 --- [    Test worker] com.zaxxer.hikari.HikariDataSource       : HikariPool-1 - Start completed.
2023-11-06 13:42:06.300  INFO 10036 --- [    Test worker] org.hibernate.dialect.Dialect            : HHH000400: Using dialect: org.hibernate.dialect.MySQL8Dialect
2023-11-06 13:42:07.128  INFO 10036 --- [    Test worker] o.h.e.t.j.p.i.JtaPlatformInitiator       : HHH000490: Using JtaPlatform implementation: [org.hibernate.engine.transaction.jta.platform.internal.NoJtaPlatform]
2023-11-06 13:42:07.139  INFO 10036 --- [    Test worker] j.LocalContainerEntityManagerFactoryBean : Initialized JPA EntityManagerFactory for persistence unit 'default'
2023-11-06 13:42:09.018  INFO 10036 --- [    Test worker] o.s.s.web.DefaultSecurityFilterChain     : Will secure any request with [org.springframework.security.web.session.DisableEncodeUrlFilter@1e79b0fc, org.springframework.security.web.context.request.async.WebAsyncManagerIntegrationFilter@36e8fefe, org.springframework.security.web.context.SecurityContextPersistenceFilter@7bb50747, org.springframework.security.web.header.HeaderWriterFilter@12128849, org.springframework.web.filter.CorsFilter@5e8633da, org.springframework.security.web.authentication.logout.LogoutFilter@d20e900, com.ssafy.i5i.hotelAPI.common.filter.JwtAuthenticationFilter@70c3c5d7, org.springframework.security.web.savedrequest.RequestCacheAwareFilter@547aa7f4, org.springframework.security.web.servletapi.SecurityContextHolderAwareRequestFilter@1d09fb8e, org.springframework.security.web.authentication.AnonymousAuthenticationFilter@236e6563, org.springframework.security.web.session.SessionManagementFilter@2a20332b, org.springframework.security.web.access.ExceptionTranslationFilter@7806db3f, org.springframework.security.web.access.intercept.AuthorizationFilter@16575bfe]
2023-11-06 13:42:09.676  INFO 10036 --- [    Test worker] org.mongodb.driver.client                : MongoClient with metadata {"driver": {"name": "mongo-java-driver|sync|spring-boot", "version": "4.6.1"}, "os": {"type": "Windows", "name": "Windows 10", "architecture": "amd64", "version": "10.0"}, "platform": "Java/Oracle Corporation/11+28"} created with settings MongoClientSettings{readPreference=primary, writeConcern=WriteConcern{w=null, wTimeout=null ms, journal=null}, retryWrites=true, retryReads=true, readConcern=ReadConcern{level=null}, credential=MongoCredential{mechanism=null, userName='S09P31B205', source='admin', password=<hidden>, mechanismProperties=<hidden>}, streamFactoryFactory=null, commandListeners=[], codecRegistry=ProvidersCodecRegistry{codecProviders=[ValueCodecProvider{}, BsonValueCodecProvider{}, DBRefCodecProvider{}, DBObjectCodecProvider{}, DocumentCodecProvider{}, IterableCodecProvider{}, MapCodecProvider{}, GeoJsonCodecProvider{}, GridFSFileCodecProvider{}, Jsr310CodecProvider{}, JsonObjectCodecProvider{}, BsonCodecProvider{}, EnumCodecProvider{}, com.mongodb.Jep395RecordCodecProvider@8fe054]}, clusterSettings={hosts=[127.0.0.1:27017], srvHost=ssafy.ngivl.mongodb.net, srvServiceName=mongodb, mode=MULTIPLE, requiredClusterType=REPLICA_SET, requiredReplicaSetName='atlas-2haag7-shard-0', serverSelector='null', clusterListeners='[]', serverSelectionTimeout='30000 ms', localThreshold='30000 ms'}, socketSettings=SocketSettings{connectTimeoutMS=10000, readTimeoutMS=0, receiveBufferSize=0, sendBufferSize=0}, heartbeatSocketSettings=SocketSettings{connectTimeoutMS=10000, readTimeoutMS=10000, receiveBufferSize=0, sendBufferSize=0}, connectionPoolSettings=ConnectionPoolSettings{maxSize=100, minSize=0, maxWaitTimeMS=120000, maxConnectionLifeTimeMS=0, maxConnectionIdleTimeMS=0, maintenanceInitialDelayMS=0, maintenanceFrequencyMS=60000, connectionPoolListeners=[], maxConnecting=2}, serverSettings=ServerSettings{heartbeatFrequencyMS=10000, minHeartbeatFrequencyMS=500, serverListeners='[]', serverMonitorListeners='[]'}, sslSettings=SslSettings{enabled=true, invalidHostNameAllowed=false, context=null}, applicationName='null', compressorList=[], uuidRepresentation=JAVA_LEGACY, serverApi=null, autoEncryptionSettings=null, contextProvider=null}
2023-11-06 13:42:09.691  INFO 10036 --- [ivl.mongodb.net] org.mongodb.driver.cluster               : Adding discovered server ssafy-shard-00-00.ngivl.mongodb.net:27017 to client view of cluster
2023-11-06 13:42:09.726  INFO 10036 --- [ivl.mongodb.net] org.mongodb.driver.cluster               : Adding discovered server ssafy-shard-00-02.ngivl.mongodb.net:27017 to client view of cluster
2023-11-06 13:42:09.727  INFO 10036 --- [ivl.mongodb.net] org.mongodb.driver.cluster               : Adding discovered server ssafy-shard-00-01.ngivl.mongodb.net:27017 to client view of cluster
2023-11-06 13:42:09.969  INFO 10036 --- [ngodb.net:27017] org.mongodb.driver.connection            : Opened connection [connectionId{localValue:5, serverValue:73038}] to ssafy-shard-00-01.ngivl.mongodb.net:27017
2023-11-06 13:42:09.969  INFO 10036 --- [ngodb.net:27017] org.mongodb.driver.connection            : Opened connection [connectionId{localValue:4, serverValue:37589}] to ssafy-shard-00-00.ngivl.mongodb.net:27017
2023-11-06 13:42:09.969  INFO 10036 --- [ngodb.net:27017] org.mongodb.driver.connection            : Opened connection [connectionId{localValue:2, serverValue:73039}] to ssafy-shard-00-01.ngivl.mongodb.net:27017
2023-11-06 13:42:09.969  INFO 10036 --- [ngodb.net:27017] org.mongodb.driver.connection            : Opened connection [connectionId{localValue:6, serverValue:87964}] to ssafy-shard-00-02.ngivl.mongodb.net:27017
2023-11-06 13:42:09.969  INFO 10036 --- [ngodb.net:27017] org.mongodb.driver.connection            : Opened connection [connectionId{localValue:1, serverValue:37590}] to ssafy-shard-00-00.ngivl.mongodb.net:27017
2023-11-06 13:42:09.969  INFO 10036 --- [ngodb.net:27017] org.mongodb.driver.connection            : Opened connection [connectionId{localValue:3, serverValue:87963}] to ssafy-shard-00-02.ngivl.mongodb.net:27017
2023-11-06 13:42:09.979  INFO 10036 --- [ngodb.net:27017] org.mongodb.driver.cluster               : Monitor thread successfully connected to server with description ServerDescription{address=ssafy-shard-00-00.ngivl.mongodb.net:27017, type=REPLICA_SET_SECONDARY, state=CONNECTED, ok=true, minWireVersion=0, maxWireVersion=13, maxDocumentSize=16777216, logicalSessionTimeoutMinutes=30, roundTripTimeNanos=116883800, setName='atlas-2haag7-shard-0', canonicalAddress=ssafy-shard-00-00.ngivl.mongodb.net:27017, hosts=[ssafy-shard-00-00.ngivl.mongodb.net:27017, ssafy-shard-00-02.ngivl.mongodb.net:27017, ssafy-shard-00-01.ngivl.mongodb.net:27017], passives=[], arbiters=[], primary='ssafy-shard-00-02.ngivl.mongodb.net:27017', tagSet=TagSet{[Tag{name='nodeType', value='ELECTABLE'}, Tag{name='provider', value='AZURE'}, Tag{name='region', value='KOREA_CENTRAL'}, Tag{name='workloadType', value='OPERATIONAL'}]}, electionId=null, setVersion=1, topologyVersion=TopologyVersion{processId=6540d811c09aa4a0696b7ef2, counter=4}, lastWriteDate=Mon Nov 06 13:42:03 KST 2023, lastUpdateTimeNanos=1832447847743700}
2023-11-06 13:42:09.979  INFO 10036 --- [ngodb.net:27017] org.mongodb.driver.cluster               : Monitor thread successfully connected to server with description ServerDescription{address=ssafy-shard-00-02.ngivl.mongodb.net:27017, type=REPLICA_SET_PRIMARY, state=CONNECTED, ok=true, minWireVersion=0, maxWireVersion=13, maxDocumentSize=16777216, logicalSessionTimeoutMinutes=30, roundTripTimeNanos=132084100, setName='atlas-2haag7-shard-0', canonicalAddress=ssafy-shard-00-02.ngivl.mongodb.net:27017, hosts=[ssafy-shard-00-00.ngivl.mongodb.net:27017, ssafy-shard-00-02.ngivl.mongodb.net:27017, ssafy-shard-00-01.ngivl.mongodb.net:27017], passives=[], arbiters=[], primary='ssafy-shard-00-02.ngivl.mongodb.net:27017', tagSet=TagSet{[Tag{name='nodeType', value='ELECTABLE'}, Tag{name='provider', value='AZURE'}, Tag{name='region', value='KOREA_CENTRAL'}, Tag{name='workloadType', value='OPERATIONAL'}]}, electionId=7fffffff0000000000000033, setVersion=1, topologyVersion=TopologyVersion{processId=6540dab7c93661dcca09a652, counter=6}, lastWriteDate=Mon Nov 06 13:42:03 KST 2023, lastUpdateTimeNanos=1832447847748700}
2023-11-06 13:42:09.979  INFO 10036 --- [ngodb.net:27017] org.mongodb.driver.cluster               : Monitor thread successfully connected to server with description ServerDescription{address=ssafy-shard-00-01.ngivl.mongodb.net:27017, type=REPLICA_SET_SECONDARY, state=CONNECTED, ok=true, minWireVersion=0, maxWireVersion=13, maxDocumentSize=16777216, logicalSessionTimeoutMinutes=30, roundTripTimeNanos=131193600, setName='atlas-2haag7-shard-0', canonicalAddress=ssafy-shard-00-01.ngivl.mongodb.net:27017, hosts=[ssafy-shard-00-00.ngivl.mongodb.net:27017, ssafy-shard-00-02.ngivl.mongodb.net:27017, ssafy-shard-00-01.ngivl.mongodb.net:27017], passives=[], arbiters=[], primary='ssafy-shard-00-02.ngivl.mongodb.net:27017', tagSet=TagSet{[Tag{name='nodeType', value='ELECTABLE'}, Tag{name='provider', value='AZURE'}, Tag{name='region', value='KOREA_CENTRAL'}, Tag{name='workloadType', value='OPERATIONAL'}]}, electionId=null, setVersion=1, topologyVersion=TopologyVersion{processId=6540dc9cbea7603873631a63, counter=3}, lastWriteDate=Mon Nov 06 13:42:03 KST 2023, lastUpdateTimeNanos=1832447847743700}
2023-11-06 13:42:09.984  INFO 10036 --- [ngodb.net:27017] org.mongodb.driver.cluster               : Setting max election id to 7fffffff0000000000000033 from replica set primary ssafy-shard-00-02.ngivl.mongodb.net:27017
2023-11-06 13:42:09.985  INFO 10036 --- [ngodb.net:27017] org.mongodb.driver.cluster               : Setting max set version to 1 from replica set primary ssafy-shard-00-02.ngivl.mongodb.net:27017
2023-11-06 13:42:09.985  INFO 10036 --- [ngodb.net:27017] org.mongodb.driver.cluster               : Discovered replica set primary ssafy-shard-00-02.ngivl.mongodb.net:27017
2023-11-06 13:42:10.162  INFO 10036 --- [    Test worker] c.s.i.hotelAPI.HotelApiApplicationTests  : Started HotelApiApplicationTests in 6.841 seconds (JVM running for 8.375)
]]></system-out>
  <system-err><![CDATA[]]></system-err>
</testsuite>
