<?xml version="1.0" encoding="UTF-8"?>
<testsuite name="com.sch.sch_elasticsearch.ElasticsearchApplicationTests" tests="1" skipped="0" failures="0" errors="0" timestamp="2023-11-15T00:34:30" hostname="DESKTOP-BLHP263" time="0.393">
  <properties/>
  <testcase name="contextLoads()" classname="com.sch.sch_elasticsearch.ElasticsearchApplicationTests" time="0.393"/>
  <system-out><![CDATA[09:34:26.940 [Test worker] DEBUG org.springframework.test.context.BootstrapUtils - Instantiating CacheAwareContextLoaderDelegate from class [org.springframework.test.context.cache.DefaultCacheAwareContextLoaderDelegate]
09:34:26.951 [Test worker] DEBUG org.springframework.test.context.BootstrapUtils - Instantiating BootstrapContext using constructor [public org.springframework.test.context.support.DefaultBootstrapContext(java.lang.Class,org.springframework.test.context.CacheAwareContextLoaderDelegate)]
09:34:26.980 [Test worker] DEBUG org.springframework.test.context.BootstrapUtils - Instantiating TestContextBootstrapper for test class [com.sch.sch_elasticsearch.ElasticsearchApplicationTests] from class [org.springframework.boot.test.context.SpringBootTestContextBootstrapper]
09:34:26.992 [Test worker] INFO org.springframework.boot.test.context.SpringBootTestContextBootstrapper - Neither @ContextConfiguration nor @ContextHierarchy found for test class [com.sch.sch_elasticsearch.ElasticsearchApplicationTests], using SpringBootContextLoader
09:34:26.996 [Test worker] DEBUG org.springframework.test.context.support.AbstractContextLoader - Did not detect default resource location for test class [com.sch.sch_elasticsearch.ElasticsearchApplicationTests]: class path resource [com/sch/sch_elasticsearch/ElasticsearchApplicationTests-context.xml] does not exist
09:34:26.997 [Test worker] DEBUG org.springframework.test.context.support.AbstractContextLoader - Did not detect default resource location for test class [com.sch.sch_elasticsearch.ElasticsearchApplicationTests]: class path resource [com/sch/sch_elasticsearch/ElasticsearchApplicationTestsContext.groovy] does not exist
09:34:26.997 [Test worker] INFO org.springframework.test.context.support.AbstractContextLoader - Could not detect default resource locations for test class [com.sch.sch_elasticsearch.ElasticsearchApplicationTests]: no resource found for suffixes {-context.xml, Context.groovy}.
09:34:26.998 [Test worker] INFO org.springframework.test.context.support.AnnotationConfigContextLoaderUtils - Could not detect default configuration classes for test class [com.sch.sch_elasticsearch.ElasticsearchApplicationTests]: ElasticsearchApplicationTests does not declare any static, non-private, non-final, nested classes annotated with @Configuration.
09:34:27.035 [Test worker] DEBUG org.springframework.test.context.support.ActiveProfilesUtils - Could not find an 'annotation declaring class' for annotation type [org.springframework.test.context.ActiveProfiles] and class [com.sch.sch_elasticsearch.ElasticsearchApplicationTests]
09:34:27.088 [Test worker] DEBUG org.springframework.context.annotation.ClassPathScanningCandidateComponentProvider - Identified candidate component class: file [C:\Users\SSAFY\Documents\S09P31B205\elasticsearch-springboot\elasticsearch\build\classes\java\main\com\sch\sch_elasticsearch\ElasticsearchApplication.class]
09:34:27.097 [Test worker] INFO org.springframework.boot.test.context.SpringBootTestContextBootstrapper - Found @SpringBootConfiguration com.sch.sch_elasticsearch.ElasticsearchApplication for test class com.sch.sch_elasticsearch.ElasticsearchApplicationTests
09:34:27.220 [Test worker] DEBUG org.springframework.boot.test.context.SpringBootTestContextBootstrapper - @TestExecutionListeners is not present for class [com.sch.sch_elasticsearch.ElasticsearchApplicationTests]: using defaults.
09:34:27.221 [Test worker] INFO org.springframework.boot.test.context.SpringBootTestContextBootstrapper - Loaded default TestExecutionListener class names from location [META-INF/spring.factories]: [org.springframework.boot.test.autoconfigure.restdocs.RestDocsTestExecutionListener, org.springframework.boot.test.autoconfigure.web.client.MockRestServiceServerResetTestExecutionListener, org.springframework.boot.test.autoconfigure.web.servlet.MockMvcPrintOnlyOnFailureTestExecutionListener, org.springframework.boot.test.autoconfigure.web.servlet.WebDriverTestExecutionListener, org.springframework.boot.test.autoconfigure.webservices.client.MockWebServiceServerTestExecutionListener, org.springframework.boot.test.mock.mockito.MockitoTestExecutionListener, org.springframework.boot.test.mock.mockito.ResetMocksTestExecutionListener, org.springframework.test.context.web.ServletTestExecutionListener, org.springframework.test.context.support.DirtiesContextBeforeModesTestExecutionListener, org.springframework.test.context.event.ApplicationEventsTestExecutionListener, org.springframework.test.context.support.DependencyInjectionTestExecutionListener, org.springframework.test.context.support.DirtiesContextTestExecutionListener, org.springframework.test.context.transaction.TransactionalTestExecutionListener, org.springframework.test.context.jdbc.SqlScriptsTestExecutionListener, org.springframework.test.context.event.EventPublishingTestExecutionListener]
09:34:27.238 [Test worker] INFO org.springframework.boot.test.context.SpringBootTestContextBootstrapper - Using TestExecutionListeners: [org.springframework.test.context.web.ServletTestExecutionListener@1ea9f009, org.springframework.test.context.support.DirtiesContextBeforeModesTestExecutionListener@5d52e3ef, org.springframework.test.context.event.ApplicationEventsTestExecutionListener@5298dead, org.springframework.boot.test.mock.mockito.MockitoTestExecutionListener@553f3b6e, org.springframework.boot.test.autoconfigure.SpringBootDependencyInjectionTestExecutionListener@4c7a078, org.springframework.test.context.support.DirtiesContextTestExecutionListener@4e406694, org.springframework.test.context.transaction.TransactionalTestExecutionListener@5ab9b447, org.springframework.test.context.jdbc.SqlScriptsTestExecutionListener@76f10035, org.springframework.test.context.event.EventPublishingTestExecutionListener@4f8caaf3, org.springframework.boot.test.autoconfigure.restdocs.RestDocsTestExecutionListener@2b50150, org.springframework.boot.test.autoconfigure.web.client.MockRestServiceServerResetTestExecutionListener@15b986cd, org.springframework.boot.test.autoconfigure.web.servlet.MockMvcPrintOnlyOnFailureTestExecutionListener@6bb7cce7, org.springframework.boot.test.autoconfigure.web.servlet.WebDriverTestExecutionListener@41c62850, org.springframework.boot.test.autoconfigure.webservices.client.MockWebServiceServerTestExecutionListener@6b530eb9, org.springframework.boot.test.mock.mockito.ResetMocksTestExecutionListener@328572f0]
09:34:27.241 [Test worker] DEBUG org.springframework.test.context.support.AbstractDirtiesContextTestExecutionListener - Before test class: context [DefaultTestContext@26f1249d testClass = ElasticsearchApplicationTests, testInstance = [null], testMethod = [null], testException = [null], mergedContextConfiguration = [WebMergedContextConfiguration@710b30ef testClass = ElasticsearchApplicationTests, locations = '{}', classes = '{class com.sch.sch_elasticsearch.ElasticsearchApplication}', contextInitializerClasses = '[]', activeProfiles = '{}', propertySourceLocations = '{}', propertySourceProperties = '{org.springframework.boot.test.context.SpringBootTestContextBootstrapper=true}', contextCustomizers = set[org.springframework.boot.test.autoconfigure.actuate.metrics.MetricsExportContextCustomizerFactory$DisableMetricExportContextCustomizer@40499e4f, org.springframework.boot.test.autoconfigure.properties.PropertyMappingContextCustomizer@0, org.springframework.boot.test.autoconfigure.web.servlet.WebDriverContextCustomizerFactory$Customizer@5316e95f, org.springframework.boot.test.context.filter.ExcludeFilterContextCustomizer@13c3c1e1, org.springframework.boot.test.json.DuplicateJsonObjectContextCustomizerFactory$DuplicateJsonObjectContextCustomizer@285c08c8, org.springframework.boot.test.mock.mockito.MockitoContextCustomizer@0, org.springframework.boot.test.web.client.TestRestTemplateContextCustomizer@f79a760, org.springframework.boot.test.context.SpringBootTestArgs@1, org.springframework.boot.test.context.SpringBootTestWebEnvironment@479cbee5], resourceBasePath = 'src/main/webapp', contextLoader = 'org.springframework.boot.test.context.SpringBootContextLoader', parent = [null]], attributes = map['org.springframework.test.context.web.ServletTestExecutionListener.activateListener' -> true]], class annotated with @DirtiesContext [false] with mode [null].

  .   ____          _            __ _ _
 /\\ / ___'_ __ _ _(_)_ __  __ _ \ \ \ \
( ( )\___ | '_ | '_| | '_ \/ _` | \ \ \ \
 \\/  ___)| |_)| | | | | || (_| |  ) ) ) )
  '  |____| .__|_| |_|_| |_\__, | / / / /
 =========|_|==============|___/=/_/_/_/
 :: Spring Boot ::               (v2.7.17)

2023-11-15 09:34:27.656  INFO 16252 --- [    Test worker] c.s.s.ElasticsearchApplicationTests      : Starting ElasticsearchApplicationTests using Java 11 on DESKTOP-BLHP263 with PID 16252 (started by SSAFY in C:\Users\SSAFY\Documents\S09P31B205\elasticsearch-springboot\elasticsearch)
2023-11-15 09:34:27.657  INFO 16252 --- [    Test worker] c.s.s.ElasticsearchApplicationTests      : No active profile set, falling back to 1 default profile: "default"
2023-11-15 09:34:28.256  INFO 16252 --- [    Test worker] .s.d.r.c.RepositoryConfigurationDelegate : Bootstrapping Spring Data Elasticsearch repositories in DEFAULT mode.
2023-11-15 09:34:28.319  INFO 16252 --- [    Test worker] .s.d.r.c.RepositoryConfigurationDelegate : Finished Spring Data repository scanning in 57 ms. Found 3 Elasticsearch repository interfaces.
2023-11-15 09:34:28.322  INFO 16252 --- [    Test worker] .s.d.r.c.RepositoryConfigurationDelegate : Bootstrapping Spring Data Reactive Elasticsearch repositories in DEFAULT mode.
2023-11-15 09:34:28.333  INFO 16252 --- [    Test worker] .s.d.r.c.RepositoryConfigurationDelegate : Finished Spring Data repository scanning in 9 ms. Found 0 Reactive Elasticsearch repository interfaces.
2023-11-15 09:34:29.243 TRACE 16252 --- [    Test worker] o.s.data.elasticsearch.client.WIRE       : [25de8898] Sending request GET / with parameters: 
2023-11-15 09:34:29.496 TRACE 16252 --- [/O dispatcher 1] o.s.data.elasticsearch.client.WIRE       : [25de8898] Received raw response: 200 OK
2023-11-15 09:34:29.526 TRACE 16252 --- [    Test worker] o.s.data.elasticsearch.client.WIRE       : [72b40f87] Sending request HEAD /scrap_wiki_final_1113 with parameters: 
2023-11-15 09:34:29.537 TRACE 16252 --- [/O dispatcher 1] o.s.data.elasticsearch.client.WIRE       : [72b40f87] Received raw response: 200 OK
2023-11-15 09:34:29.626 TRACE 16252 --- [    Test worker] o.s.data.elasticsearch.client.WIRE       : [2a7ebe07] Sending request HEAD /test_accommo_list with parameters: 
2023-11-15 09:34:29.636 TRACE 16252 --- [/O dispatcher 1] o.s.data.elasticsearch.client.WIRE       : [2a7ebe07] Received raw response: 200 OK
2023-11-15 09:34:29.650 TRACE 16252 --- [    Test worker] o.s.data.elasticsearch.client.WIRE       : [14b5752f] Sending request HEAD /test_idx with parameters: 
2023-11-15 09:34:29.659 TRACE 16252 --- [/O dispatcher 1] o.s.data.elasticsearch.client.WIRE       : [14b5752f] Received raw response: 200 OK
2023-11-15 09:34:30.460  INFO 16252 --- [    Test worker] c.s.s.ElasticsearchApplicationTests      : Started ElasticsearchApplicationTests in 3.186 seconds (JVM running for 4.717)
]]></system-out>
  <system-err><![CDATA[]]></system-err>
</testsuite>
